<?xml version="1.0" encoding="UTF-8"?>
<!-- Generated by org.testng.reporters.JUnitReportReporter -->
<testsuite hostname="PNVD060" name="mobileTest.AutoGenerateEmail" tests="1" failures="0" timestamp="10 Jul 2020 11:00:18 GMT" time="36.809" errors="0">
  <testcase name="DotheMailAction" time="36.809" classname="mobileTest.AutoGenerateEmail"/>
</testsuite> <!-- mobileTest.AutoGenerateEmail -->
