<?xml version="1.0" encoding="UTF-8"?>
<!-- Generated by org.testng.reporters.JUnitReportReporter -->
<testsuite hostname="PNVD060" name="mobileTest.signIn" tests="1" failures="0" timestamp="10 Jul 2020 07:51:32 GMT" time="13.262" errors="0">
  <testcase name="SignInAccount" time="13.262" classname="mobileTest.signIn"/>
</testsuite> <!-- mobileTest.signIn -->
